<?xml version="1.0" encoding="UTF-8"?>
<!-- Generated by org.testng.reporters.JUnitReportReporter -->
<testsuite hostname="DESKTOP-JJJ8CRA" failures="0" tests="1" name="com.APIAutomationFramework.misc.create.TC_CreateBooking" time="3.308" errors="0" timestamp="2025-05-22T18:07:50 IST" skipped="0">
  <testcase classname="com.APIAutomationFramework.misc.create.TC_CreateBooking" name="testCreateBooking" time="3.308"/>
</testsuite> <!-- com.APIAutomationFramework.misc.create.TC_CreateBooking -->
